

2019-05-06 21:58:41



2019-05-06 21:58:50
GET / HTTP/1.1
Host: 127.0.0.1:9000
Connection: keep-alive
Cache-Control: max-age=0
Upgrade-Insecure-Requests: 1
User-Agent: Mozilla/5.0 (Windows NT 10.0; WOW64) AppleWebKit/537.36 (KHTML, like Gecko) Chrome/72.0.3590.0 Safari/537.36
Accept: text/html,application/xhtml+xml,application/xml;q=0.9,image/webp,image/apng,*/*;q=0.8
Accept-Encoding: gzip, deflate, br
Accept-Language: en,zh-TW;q=0.9,zh;q=0.8,en-US;q=0.7




2019-05-06 21:58:50
GET / HTTP/1.1
Host: 127.0.0.1:9000
Connection: keep-alive
Cache-Control: max-age=0
Upgrade-Insecure-Requests: 1
User-Agent: Mozilla/5.0 (Windows NT 10.0; WOW64) AppleWebKit/537.36 (KHTML, like Gecko) Chrome/72.0.3590.0 Safari/537.36
Accept: text/html,application/xhtml+xml,application/xml;q=0.9,image/webp,image/apng,*/*;q=0.8
Accept-Encoding: gzip, deflate, br
Accept-Language: en,zh-TW;q=0.9,zh;q=0.8,en-US;q=0.7




2019-05-06 21:58:52
GET / HTTP/1.1
Host: 127.0.0.1:9000
Connection: keep-alive
Cache-Control: max-age=0
Upgrade-Insecure-Requests: 1
User-Agent: Mozilla/5.0 (Windows NT 10.0; WOW64) AppleWebKit/537.36 (KHTML, like Gecko) Chrome/72.0.3590.0 Safari/537.36
Accept: text/html,application/xhtml+xml,application/xml;q=0.9,image/webp,image/apng,*/*;q=0.8
Accept-Encoding: gzip, deflate, br
Accept-Language: en,zh-TW;q=0.9,zh;q=0.8,en-US;q=0.7




2019-05-06 21:58:53
GET / HTTP/1.1
Host: 127.0.0.1:9000
Connection: keep-alive
Cache-Control: max-age=0
Upgrade-Insecure-Requests: 1
User-Agent: Mozilla/5.0 (Windows NT 10.0; WOW64) AppleWebKit/537.36 (KHTML, like Gecko) Chrome/72.0.3590.0 Safari/537.36
Accept: text/html,application/xhtml+xml,application/xml;q=0.9,image/webp,image/apng,*/*;q=0.8
Accept-Encoding: gzip, deflate, br
Accept-Language: en,zh-TW;q=0.9,zh;q=0.8,en-US;q=0.7




2019-05-06 21:58:53
GET / HTTP/1.1
Host: 127.0.0.1:9000
Connection: keep-alive
Cache-Control: max-age=0
Upgrade-Insecure-Requests: 1
User-Agent: Mozilla/5.0 (Windows NT 10.0; WOW64) AppleWebKit/537.36 (KHTML, like Gecko) Chrome/72.0.3590.0 Safari/537.36
Accept: text/html,application/xhtml+xml,application/xml;q=0.9,image/webp,image/apng,*/*;q=0.8
Accept-Encoding: gzip, deflate, br
Accept-Language: en,zh-TW;q=0.9,zh;q=0.8,en-US;q=0.7




2019-05-06 21:59:11



2019-05-06 22:27:34
GET / HTTP/1.1
Host: 127.0.0.1:9000
Connection: keep-alive
Cache-Control: max-age=0
Upgrade-Insecure-Requests: 1
User-Agent: Mozilla/5.0 (Windows NT 10.0; WOW64) AppleWebKit/537.36 (KHTML, like Gecko) Chrome/72.0.3590.0 Safari/537.36
Accept: text/html,application/xhtml+xml,application/xml;q=0.9,image/webp,image/apng,*/*;q=0.8
Accept-Encoding: gzip, deflate, br
Accept-Language: en,zh-TW;q=0.9,zh;q=0.8,en-US;q=0.7




2019-05-06 22:30:07
GET / HTTP/1.1
Host: 127.0.0.1:9000
Connection: keep-alive
Cache-Control: max-age=0
Upgrade-Insecure-Requests: 1
User-Agent: Mozilla/5.0 (Windows NT 10.0; WOW64) AppleWebKit/537.36 (KHTML, like Gecko) Chrome/72.0.3590.0 Safari/537.36
Accept: text/html,application/xhtml+xml,application/xml;q=0.9,image/webp,image/apng,*/*;q=0.8
Accept-Encoding: gzip, deflate, br
Accept-Language: en,zh-TW;q=0.9,zh;q=0.8,en-US;q=0.7




2019-05-06 22:32:37
GET / HTTP/1.1
Host: 127.0.0.1:9000
Connection: keep-alive
Cache-Control: max-age=0
Upgrade-Insecure-Requests: 1
User-Agent: Mozilla/5.0 (Windows NT 10.0; WOW64) AppleWebKit/537.36 (KHTML, like Gecko) Chrome/72.0.3590.0 Safari/537.36
Accept: text/html,application/xhtml+xml,application/xml;q=0.9,image/webp,image/apng,*/*;q=0.8
Accept-Encoding: gzip, deflate, br
Accept-Language: en,zh-TW;q=0.9,zh;q=0.8,en-US;q=0.7




2019-05-06 22:33:12
GET / HTTP/1.1
Host: 127.0.0.1:9000
Connection: keep-alive
Cache-Control: max-age=0
Upgrade-Insecure-Requests: 1
User-Agent: Mozilla/5.0 (Windows NT 10.0; WOW64) AppleWebKit/537.36 (KHTML, like Gecko) Chrome/72.0.3590.0 Safari/537.36
Accept: text/html,application/xhtml+xml,application/xml;q=0.9,image/webp,image/apng,*/*;q=0.8
Accept-Encoding: gzip, deflate, br
Accept-Language: en,zh-TW;q=0.9,zh;q=0.8,en-US;q=0.7




2019-05-06 22:33:12
GET /favicon.ico HTTP/1.1
Host: 127.0.0.1:9000
Connection: keep-alive
Pragma: no-cache
Cache-Control: no-cache
User-Agent: Mozilla/5.0 (Windows NT 10.0; WOW64) AppleWebKit/537.36 (KHTML, like Gecko) Chrome/72.0.3590.0 Safari/537.36
Accept: image/webp,image/apng,image/*,*/*;q=0.8
Referer: http://127.0.0.1:9000/
Accept-Encoding: gzip, deflate, br
Accept-Language: en,zh-TW;q=0.9,zh;q=0.8,en-US;q=0.7




2019-05-06 22:33:20
GET / HTTP/1.1
Host: 127.0.0.1:9000
Connection: keep-alive
Cache-Control: max-age=0
Upgrade-Insecure-Requests: 1
User-Agent: Mozilla/5.0 (Windows NT 10.0; WOW64) AppleWebKit/537.36 (KHTML, like Gecko) Chrome/72.0.3590.0 Safari/537.36
Accept: text/html,application/xhtml+xml,application/xml;q=0.9,image/webp,image/apng,*/*;q=0.8
Accept-Encoding: gzip, deflate, br
Accept-Language: en,zh-TW;q=0.9,zh;q=0.8,en-US;q=0.7




2019-05-06 22:33:20
GET /favicon.ico HTTP/1.1
Host: 127.0.0.1:9000
Connection: keep-alive
Pragma: no-cache
Cache-Control: no-cache
User-Agent: Mozilla/5.0 (Windows NT 10.0; WOW64) AppleWebKit/537.36 (KHTML, like Gecko) Chrome/72.0.3590.0 Safari/537.36
Accept: image/webp,image/apng,image/*,*/*;q=0.8
Referer: http://127.0.0.1:9000/
Accept-Encoding: gzip, deflate, br
Accept-Language: en,zh-TW;q=0.9,zh;q=0.8,en-US;q=0.7




2019-05-06 22:35:04
GET / HTTP/1.1
Host: 127.0.0.1:9000
Connection: keep-alive
Cache-Control: max-age=0
Upgrade-Insecure-Requests: 1
User-Agent: Mozilla/5.0 (Windows NT 10.0; WOW64) AppleWebKit/537.36 (KHTML, like Gecko) Chrome/72.0.3590.0 Safari/537.36
Accept: text/html,application/xhtml+xml,application/xml;q=0.9,image/webp,image/apng,*/*;q=0.8
Accept-Encoding: gzip, deflate, br
Accept-Language: en,zh-TW;q=0.9,zh;q=0.8,en-US;q=0.7




2019-05-06 22:35:04
GET /favicon.ico HTTP/1.1
Host: 127.0.0.1:9000
Connection: keep-alive
Pragma: no-cache
Cache-Control: no-cache
User-Agent: Mozilla/5.0 (Windows NT 10.0; WOW64) AppleWebKit/537.36 (KHTML, like Gecko) Chrome/72.0.3590.0 Safari/537.36
Accept: image/webp,image/apng,image/*,*/*;q=0.8
Referer: http://127.0.0.1:9000/
Accept-Encoding: gzip, deflate, br
Accept-Language: en,zh-TW;q=0.9,zh;q=0.8,en-US;q=0.7




2019-05-06 22:35:04
GET / HTTP/1.1
Host: 127.0.0.1:9000
Connection: keep-alive
Cache-Control: max-age=0
Upgrade-Insecure-Requests: 1
User-Agent: Mozilla/5.0 (Windows NT 10.0; WOW64) AppleWebKit/537.36 (KHTML, like Gecko) Chrome/72.0.3590.0 Safari/537.36
Accept: text/html,application/xhtml+xml,application/xml;q=0.9,image/webp,image/apng,*/*;q=0.8
Accept-Encoding: gzip, deflate, br
Accept-Language: en,zh-TW;q=0.9,zh;q=0.8,en-US;q=0.7




2019-05-06 22:35:04
GET /favicon.ico HTTP/1.1
Host: 127.0.0.1:9000
Connection: keep-alive
Pragma: no-cache
Cache-Control: no-cache
User-Agent: Mozilla/5.0 (Windows NT 10.0; WOW64) AppleWebKit/537.36 (KHTML, like Gecko) Chrome/72.0.3590.0 Safari/537.36
Accept: image/webp,image/apng,image/*,*/*;q=0.8
Referer: http://127.0.0.1:9000/
Accept-Encoding: gzip, deflate, br
Accept-Language: en,zh-TW;q=0.9,zh;q=0.8,en-US;q=0.7




2019-05-06 22:35:05
GET / HTTP/1.1
Host: 127.0.0.1:9000
Connection: keep-alive
Cache-Control: max-age=0
Upgrade-Insecure-Requests: 1
User-Agent: Mozilla/5.0 (Windows NT 10.0; WOW64) AppleWebKit/537.36 (KHTML, like Gecko) Chrome/72.0.3590.0 Safari/537.36
Accept: text/html,application/xhtml+xml,application/xml;q=0.9,image/webp,image/apng,*/*;q=0.8
Accept-Encoding: gzip, deflate, br
Accept-Language: en,zh-TW;q=0.9,zh;q=0.8,en-US;q=0.7




2019-05-06 22:35:05
GET /favicon.ico HTTP/1.1
Host: 127.0.0.1:9000
Connection: keep-alive
Pragma: no-cache
Cache-Control: no-cache
User-Agent: Mozilla/5.0 (Windows NT 10.0; WOW64) AppleWebKit/537.36 (KHTML, like Gecko) Chrome/72.0.3590.0 Safari/537.36
Accept: image/webp,image/apng,image/*,*/*;q=0.8
Referer: http://127.0.0.1:9000/
Accept-Encoding: gzip, deflate, br
Accept-Language: en,zh-TW;q=0.9,zh;q=0.8,en-US;q=0.7




2019-05-06 22:37:47
GET / HTTP/1.1
Host: 127.0.0.1:9000
Connection: keep-alive
Cache-Control: max-age=0
Upgrade-Insecure-Requests: 1
User-Agent: Mozilla/5.0 (Windows NT 10.0; WOW64) AppleWebKit/537.36 (KHTML, like Gecko) Chrome/72.0.3590.0 Safari/537.36
Accept: text/html,application/xhtml+xml,application/xml;q=0.9,image/webp,image/apng,*/*;q=0.8
Accept-Encoding: gzip, deflate, br
Accept-Language: en,zh-TW;q=0.9,zh;q=0.8,en-US;q=0.7




2019-05-06 22:37:47
GET /1.css HTTP/1.1
Host: 127.0.0.1:9000
Connection: keep-alive
User-Agent: Mozilla/5.0 (Windows NT 10.0; WOW64) AppleWebKit/537.36 (KHTML, like Gecko) Chrome/72.0.3590.0 Safari/537.36
Accept: text/css,*/*;q=0.1
Referer: http://127.0.0.1:9000/
Accept-Encoding: gzip, deflate, br
Accept-Language: en,zh-TW;q=0.9,zh;q=0.8,en-US;q=0.7




2019-05-06 22:37:50
GET /1.css HTTP/1.1
Host: 127.0.0.1:9000
Connection: keep-alive
User-Agent: Mozilla/5.0 (Windows NT 10.0; WOW64) AppleWebKit/537.36 (KHTML, like Gecko) Chrome/72.0.3590.0 Safari/537.36
Accept: text/css,*/*;q=0.1
Referer: http://127.0.0.1:9000/
Accept-Encoding: gzip, deflate, br
Accept-Language: en,zh-TW;q=0.9,zh;q=0.8,en-US;q=0.7




2019-05-06 22:38:19
GET / HTTP/1.1
Host: 127.0.0.1:9000
Connection: keep-alive
Pragma: no-cache
Cache-Control: no-cache
Upgrade-Insecure-Requests: 1
User-Agent: Mozilla/5.0 (Windows NT 10.0; WOW64) AppleWebKit/537.36 (KHTML, like Gecko) Chrome/72.0.3590.0 Safari/537.36
Accept: text/html,application/xhtml+xml,application/xml;q=0.9,image/webp,image/apng,*/*;q=0.8
Accept-Encoding: gzip, deflate, br
Accept-Language: en,zh-TW;q=0.9,zh;q=0.8,en-US;q=0.7




2019-05-06 22:38:19
GET /1.css HTTP/1.1
Host: 127.0.0.1:9000
Connection: keep-alive
Pragma: no-cache
Cache-Control: no-cache
User-Agent: Mozilla/5.0 (Windows NT 10.0; WOW64) AppleWebKit/537.36 (KHTML, like Gecko) Chrome/72.0.3590.0 Safari/537.36
Accept: text/css,*/*;q=0.1
Referer: http://127.0.0.1:9000/
Accept-Encoding: gzip, deflate, br
Accept-Language: en,zh-TW;q=0.9,zh;q=0.8,en-US;q=0.7




2019-05-06 22:39:05
GET / HTTP/1.1
Host: 127.0.0.1:9000
Connection: keep-alive
Pragma: no-cache
Cache-Control: no-cache
Upgrade-Insecure-Requests: 1
User-Agent: Mozilla/5.0 (Windows NT 10.0; WOW64) AppleWebKit/537.36 (KHTML, like Gecko) Chrome/72.0.3590.0 Safari/537.36
Accept: text/html,application/xhtml+xml,application/xml;q=0.9,image/webp,image/apng,*/*;q=0.8
Accept-Encoding: gzip, deflate, br
Accept-Language: en,zh-TW;q=0.9,zh;q=0.8,en-US;q=0.7




2019-05-06 22:39:05
GET /1.css HTTP/1.1
Host: 127.0.0.1:9000
Connection: keep-alive
Pragma: no-cache
Cache-Control: no-cache
User-Agent: Mozilla/5.0 (Windows NT 10.0; WOW64) AppleWebKit/537.36 (KHTML, like Gecko) Chrome/72.0.3590.0 Safari/537.36
Accept: text/css,*/*;q=0.1
Referer: http://127.0.0.1:9000/
Accept-Encoding: gzip, deflate, br
Accept-Language: en,zh-TW;q=0.9,zh;q=0.8,en-US;q=0.7




2019-05-06 22:39:05
GET /1.js HTTP/1.1
Host: 127.0.0.1:9000
Connection: keep-alive
Pragma: no-cache
Cache-Control: no-cache
User-Agent: Mozilla/5.0 (Windows NT 10.0; WOW64) AppleWebKit/537.36 (KHTML, like Gecko) Chrome/72.0.3590.0 Safari/537.36
Accept: */*
Referer: http://127.0.0.1:9000/
Accept-Encoding: gzip, deflate, br
Accept-Language: en,zh-TW;q=0.9,zh;q=0.8,en-US;q=0.7




2019-05-06 22:39:39
GET / HTTP/1.1
Host: 127.0.0.1:9000
Connection: keep-alive
Pragma: no-cache
Cache-Control: no-cache
Upgrade-Insecure-Requests: 1
User-Agent: Mozilla/5.0 (Windows NT 10.0; WOW64) AppleWebKit/537.36 (KHTML, like Gecko) Chrome/72.0.3590.0 Safari/537.36
Accept: text/html,application/xhtml+xml,application/xml;q=0.9,image/webp,image/apng,*/*;q=0.8
Accept-Encoding: gzip, deflate, br
Accept-Language: en,zh-TW;q=0.9,zh;q=0.8,en-US;q=0.7




2019-05-06 22:39:39
GET /1.css HTTP/1.1
Host: 127.0.0.1:9000
Connection: keep-alive
Pragma: no-cache
Cache-Control: no-cache
User-Agent: Mozilla/5.0 (Windows NT 10.0; WOW64) AppleWebKit/537.36 (KHTML, like Gecko) Chrome/72.0.3590.0 Safari/537.36
Accept: text/css,*/*;q=0.1
Referer: http://127.0.0.1:9000/
Accept-Encoding: gzip, deflate, br
Accept-Language: en,zh-TW;q=0.9,zh;q=0.8,en-US;q=0.7




2019-05-06 22:39:39
GET /1.js HTTP/1.1
Host: 127.0.0.1:9000
Connection: keep-alive
Pragma: no-cache
Cache-Control: no-cache
User-Agent: Mozilla/5.0 (Windows NT 10.0; WOW64) AppleWebKit/537.36 (KHTML, like Gecko) Chrome/72.0.3590.0 Safari/537.36
Accept: */*
Referer: http://127.0.0.1:9000/
Accept-Encoding: gzip, deflate, br
Accept-Language: en,zh-TW;q=0.9,zh;q=0.8,en-US;q=0.7



GET /1.js HTTP/1.1
Host: 127.0.0.1:9000

2019-05-06 23:09:10
GET / HTTP/1.1
Host: 127.0.0.1:9000
Connection: keep-alive
Upgrade-Insecure-Requests: 1
User-Agent: Mozilla/5.0 (Windows NT 10.0; WOW64) AppleWebKit/537.36 (KHTML, like Gecko) Chrome/72.0.3590.0 Safari/537.36
Accept: text/html,application/xhtml+xml,application/xml;q=0.9,image/webp,image/apng,*/*;q=0.8
Accept-Encoding: gzip, deflate, br
Accept-Language: en,zh-TW;q=0.9,zh;q=0.8,en-US;q=0.7




2019-05-06 23:09:10
GET /1.css HTTP/1.1
Host: 127.0.0.1:9000
Connection: keep-alive
User-Agent: Mozilla/5.0 (Windows NT 10.0; WOW64) AppleWebKit/537.36 (KHTML, like Gecko) Chrome/72.0.3590.0 Safari/537.36
Accept: text/css,*/*;q=0.1
Referer: http://127.0.0.1:9000/
Accept-Encoding: gzip, deflate, br
Accept-Language: en,zh-TW;q=0.9,zh;q=0.8,en-US;q=0.7




2019-05-06 23:09:10
GET /1.js HTTP/1.1
Host: 127.0.0.1:9000
Connection: keep-alive
User-Agent: Mozilla/5.0 (Windows NT 10.0; WOW64) AppleWebKit/537.36 (KHTML, like Gecko) Chrome/72.0.3590.0 Safari/537.36
Accept: */*
Referer: http://127.0.0.1:9000/
Accept-Encoding: gzip, deflate, br
Accept-Language: en,zh-TW;q=0.9,zh;q=0.8,en-US;q=0.7


